<?xml version="1.0" encoding="UTF-8"?>
<!-- Generated by org.testng.reporters.JUnitReportReporter -->
<testsuite hostname="Priya-Ranjith" failures="0" tests="3" name="part3.TestNG._02_Test_Annotation" time="0.010" errors="0" timestamp="2023-05-02T06:23:17 IST" skipped="0">
  <testcase classname="part3.TestNG._02_Test_Annotation" name="updateproduct" time="0.001"/>
  <system-out/>
  <testcase classname="part3.TestNG._02_Test_Annotation" name="deleteproduct" time="0.001"/>
  <system-out/>
  <testcase classname="part3.TestNG._02_Test_Annotation" name="createproduct" time="0.008"/>
  <system-out/>
</testsuite> <!-- part3.TestNG._02_Test_Annotation -->
