<?xml version="1.0" encoding="UTF-8"?>
<!-- Generated by org.testng.reporters.JUnitReportReporter -->
<testsuite hostname="Priya-Ranjith" failures="0" tests="3" name="part3.TestNG._02_Test_dependsOnMethods" time="0.009" errors="0" timestamp="2023-05-02T06:33:32 IST" skipped="0">
  <testcase classname="part3.TestNG._02_Test_dependsOnMethods" name="deleteproduct" time="0.000"/>
  <system-out/>
  <testcase classname="part3.TestNG._02_Test_dependsOnMethods" name="updateproduct" time="0.001"/>
  <system-out/>
  <testcase classname="part3.TestNG._02_Test_dependsOnMethods" name="createproduct" time="0.008"/>
  <system-out/>
</testsuite> <!-- part3.TestNG._02_Test_dependsOnMethods -->
