<?xml version="1.0" encoding="UTF-8"?>
<!-- Generated by org.testng.reporters.JUnitReportReporter -->
<testsuite hostname="Priya-Ranjith" failures="0" tests="7" name="part3.TestNG._02_Test_invocationCount" time="0.012" errors="0" timestamp="2023-05-02T06:27:36 IST" skipped="0">
  <testcase classname="part3.TestNG._02_Test_invocationCount" name="deleteproduct" time="0.007"/>
  <system-out/>
  <testcase classname="part3.TestNG._02_Test_invocationCount" name="deleteproduct" time="0.001"/>
  <system-out/>
  <testcase classname="part3.TestNG._02_Test_invocationCount" name="deleteproduct" time="0.001"/>
  <system-out/>
  <testcase classname="part3.TestNG._02_Test_invocationCount" name="deleteproduct" time="0.001"/>
  <system-out/>
  <testcase classname="part3.TestNG._02_Test_invocationCount" name="deleteproduct" time="0.001"/>
  <system-out/>
  <testcase classname="part3.TestNG._02_Test_invocationCount" name="updateproduct" time="0.001"/>
  <system-out/>
  <testcase classname="part3.TestNG._02_Test_invocationCount" name="createproduct" time="0.000"/>
  <system-out/>
</testsuite> <!-- part3.TestNG._02_Test_invocationCount -->
