<?xml version="1.0" encoding="UTF-8"?>
<!-- Generated by org.testng.reporters.JUnitReportReporter -->
<testsuite hostname="Priya-Ranjith" failures="0" tests="3" name="part3.TestNG._02_Test_enabled" time="0.007" errors="0" timestamp="2023-05-02T06:25:52 IST" skipped="1">
  <testcase classname="part3.TestNG._02_Test_enabled" name="updateproduct" time="0.007"/>
  <system-out/>
  <testcase classname="part3.TestNG._02_Test_enabled" name="createproduct" time="0.000"/>
  <system-out/>
  <testcase classname="part3.TestNG._02_Test_enabled" name="deleteproduct">
    <skipped/>
  </testcase> <!-- deleteproduct -->
  <system-out/>
</testsuite> <!-- part3.TestNG._02_Test_enabled -->
